<?xml version="1.0" encoding="UTF-8"?>
<testsuite name="ArrayUtilsTest" tests="7" skipped="0" failures="0" errors="0" timestamp="2025-03-31T18:12:14" hostname="Xuemengs-MacBook-Pro.local" time="0.021">
  <properties/>
  <testcase name="testFindLastNull()" classname="ArrayUtilsTest" time="0.015"/>
  <testcase name="testFindLastEmpty()" classname="ArrayUtilsTest" time="0.003"/>
  <testcase name="testOddOrPositiveBothPositivesAndNegatives()" classname="ArrayUtilsTest" time="0.0"/>
  <testcase name="testFindLastNonExistent()" classname="ArrayUtilsTest" time="0.001"/>
  <testcase name="testOddOrPosAllPositives()" classname="ArrayUtilsTest" time="0.0"/>
  <testcase name="testOddOrPosNull()" classname="ArrayUtilsTest" time="0.001"/>
  <testcase name="testFindLastExistsFirstElement()" classname="ArrayUtilsTest" time="0.0"/>
  <system-out><![CDATA[1
1
]]></system-out>
  <system-err><![CDATA[]]></system-err>
</testsuite>
